<?xml version="1.0" encoding="UTF-8"?>
<testsuites name="Gmail testing" time="41" tests="1" failures="2" errors="0">
   <testsuite name="Gmail testing" tests="1" failures="2" errors="0" time="41" timestamp="2018-09-05 15:48:49" hostname="Andrey - DESKTOP-QBDEEEG" id="Test Suites/Gmail testing">
      <properties>
         <property name="deviceName" value=""/>
         <property name="devicePlatform" value=""/>
         <property name="logFolder" value="C:\\Users\\Andrey\\git\\KatalonStudioProject1\\Reports\\Gmail testing\\20180905_154847"/>
         <property name="logFiles" value="C:\\Users\\Andrey\\git\\KatalonStudioProject1\\Reports\\Gmail testing\\20180905_154847\\execution0.log"/>
         <property name="attachments" value=""/>
         <property name="hostName" value="Andrey - DESKTOP-QBDEEEG"/>
         <property name="os" value="Windows 10 64bit"/>
         <property name="katalonVersion" value="5.6.3.1"/>
         <property name="browser" value="Firefox 61.0"/>
         <property name="hostAddress" value="192.168.1.42"/>
         <property name="sessionId" value="f90bac57-0d82-4c06-909c-d4b870f44c5c"/>
         <property name="seleniumVersion" value="3.7.1"/>
         <property name="proxyInformation" value="ProxyInformation{proxyOption=NO_PROXY, proxyServerType=HTTP, password=, proxyServerAddress=, proxyServerPort=0}"/>
         <property name="platform" value="Windows 10"/>
      </properties>
      <testcase name="Test Cases/Send email" classname="Test Cases/Send email" status="PASSED">
         <system-out><![CDATA[2018-09-05 15:48:50 - [TEST_CASE][PASSED] - Test Cases/Send email: Test Cases/Send email

2018-09-05 15:48:50 - [TEST_STEP][PASSED] - openBrowser: Browser is opened with url: ''

2018-09-05 15:48:57 - [MESSAGE][PASSED] - Browser is opened with url: ''

2018-09-05 15:48:57 - [TEST_STEP][PASSED] - navigateToUrl: Navigate to 'https://accounts.google.com/signin/v2/identifier?continue=https%3A%2F%2Fmail.google.com%2Fmail%2F&service=mail&sacu=1&rip=1&flowName=GlifWebSignIn&flowEntry=ServiceLogin' successfully

2018-09-05 15:48:59 - [MESSAGE][PASSED] - Navigate to 'https://accounts.google.com/signin/v2/identifier?continue=https%3A%2F%2Fmail.google.com%2Fmail%2F&service=mail&sacu=1&rip=1&flowName=GlifWebSignIn&flowEntry=ServiceLogin' successfully

2018-09-05 15:48:59 - [TEST_STEP][PASSED] - setText: Text 'adresant.test@gmail.com' is set on object 'Object Repository/send email/Page_Gmail/input_identifier'

2018-09-05 15:49:00 - [MESSAGE][PASSED] - Text 'adresant.test@gmail.com' is set on object 'Object Repository/send email/Page_Gmail/input_identifier'

2018-09-05 15:49:00 - [TEST_STEP][PASSED] - click: Object: 'Object Repository/send email/Page_Gmail/span_' is clicked on

2018-09-05 15:49:00 - [MESSAGE][PASSED] - Object: 'Object Repository/send email/Page_Gmail/span_' is clicked on

2018-09-05 15:49:00 - [TEST_STEP][PASSED] - waitForElementClickable: Object 'Object Repository/send email/Password/input_password' is clickable

2018-09-05 15:49:00 - [MESSAGE][PASSED] - Object 'Object Repository/send email/Password/input_password' is clickable

2018-09-05 15:49:00 - [TEST_STEP][PASSED] - mouseOver: Object: 'Object Repository/send email/Password/input_password' is hovered

2018-09-05 15:49:01 - [MESSAGE][PASSED] - Object: 'Object Repository/send email/Password/input_password' is hovered

2018-09-05 15:49:01 - [TEST_STEP][PASSED] - setText: Text 'adresant2018' is set on object 'Object Repository/send email/Password/input_password'

2018-09-05 15:49:01 - [MESSAGE][PASSED] - Text 'adresant2018' is set on object 'Object Repository/send email/Password/input_password'

2018-09-05 15:49:01 - [TEST_STEP][PASSED] - sendKeys: Keys 'ENTER + ' sent to object: 'Object Repository/send email/Password/input_password'

2018-09-05 15:49:01 - [MESSAGE][PASSED] - Keys 'ENTER + ' sent to object: 'Object Repository/send email/Password/input_password'

2018-09-05 15:49:01 - [TEST_STEP][PASSED] - waitForPageLoad: Wait for page load successfully

2018-09-05 15:49:01 - [MESSAGE][PASSED] - Wait for page load successfully

2018-09-05 15:49:01 - [TEST_STEP][PASSED] - click: Object: 'Object Repository/send email/Page_ - adresant.testgmail.com - Gm/div_' is clicked on

2018-09-05 15:49:05 - [MESSAGE][PASSED] - Object: 'Object Repository/send email/Page_ - adresant.testgmail.com - Gm/div_' is clicked on

2018-09-05 15:49:05 - [TEST_STEP][PASSED] - waitForElementClickable: Object 'Object Repository/send email/Page_ - adresant.testgmail.com - Gm/textarea_to' is clickable

2018-09-05 15:49:07 - [MESSAGE][PASSED] - Object 'Object Repository/send email/Page_ - adresant.testgmail.com - Gm/textarea_to' is clickable

2018-09-05 15:49:07 - [TEST_STEP][PASSED] - setText: Text 'adresat.test@gmail.com' is set on object 'Object Repository/send email/Page_ - adresant.testgmail.com - Gm/textarea_to'

2018-09-05 15:49:07 - [MESSAGE][PASSED] - Text 'adresat.test@gmail.com' is set on object 'Object Repository/send email/Page_ - adresant.testgmail.com - Gm/textarea_to'

2018-09-05 15:49:07 - [TEST_STEP][PASSED] - sendKeys: Keys 'TAB + ' sent to object: 'Object Repository/send email/Page_ - adresant.testgmail.com - Gm/textarea_to'

2018-09-05 15:49:07 - [MESSAGE][PASSED] - Keys 'TAB + ' sent to object: 'Object Repository/send email/Page_ - adresant.testgmail.com - Gm/textarea_to'

2018-09-05 15:49:07 - [TEST_STEP][PASSED] - setText: Text 'some jubject' is set on object 'Object Repository/send email/Page_ - adresant.testgmail.com - Gm/input_subjectbox'

2018-09-05 15:49:07 - [MESSAGE][PASSED] - Text 'some jubject' is set on object 'Object Repository/send email/Page_ - adresant.testgmail.com - Gm/input_subjectbox'

2018-09-05 15:49:07 - [TEST_STEP][PASSED] - setText: Text 'some text' is set on object 'Object Repository/send email/Page_ - adresant.testgmail.com - Gm/div_messageText'

2018-09-05 15:49:08 - [MESSAGE][PASSED] - Text 'some text' is set on object 'Object Repository/send email/Page_ - adresant.testgmail.com - Gm/div_messageText'

2018-09-05 15:49:08 - [TEST_STEP][PASSED] - click: Object: 'Object Repository/send email/Page_ - adresant.testgmail.com - Gm/Send' is clicked on

2018-09-05 15:49:08 - [MESSAGE][PASSED] - Object: 'Object Repository/send email/Page_ - adresant.testgmail.com - Gm/Send' is clicked on]]></system-out>
         <system-err><![CDATA[]]></system-err>
      </testcase>
      <testcase name="Test Cases/Respond to email" classname="Test Cases/Respond to email" status="FAILED">
         <failure type="FAILED" message="Unable to click on object 'Object Repository/Respond to email/Page_messages/open message' (Root cause: org.openqa.selenium.WebDriverException: Failed to decode response from marionette
Build info: version: '3.7.1', revision: '8a0099a', time: '2017-11-06T21:07:36.161Z'
System info: host: 'DESKTOP-QBDEEEG', ip: '192.168.1.42', os.name: 'Windows 10', os.arch: 'amd64', os.version: '10.0', java.version: '1.8.0_181'
Driver info: com.kms.katalon.core.webui.driver.firefox.CGeckoDriver
Capabilities {acceptInsecureCerts: true, browserName: firefox, browserVersion: 61.0.2, javascriptEnabled: true, moz:accessibilityChecks: false, moz:headless: false, moz:processID: 6492, moz:profile: C:\Users\Andrey\AppData\Loc..., moz:useNonSpecCompliantPointerOrigin: false, moz:webdriverClick: true, pageLoadStrategy: normal, platform: XP, platformName: XP, platformVersion: 10.0, proxy: Proxy(direct), rotatable: false, timeouts: {implicit: 0, pageLoad: 300000, script: 30000}}
Session ID: f90bac57-0d82-4c06-909c-d4b870f44c5c
*** Element info: {Using=xpath, value=//td[@class = 'xY a4W']})"/>
         <system-out><![CDATA[2018-09-05 15:49:08 - [TEST_CASE][FAILED] - Test Cases/Respond to email: Test Cases/Respond to email FAILED because (of) Unable to click on object 'Object Repository/Respond to email/Page_messages/open message' (Root cause: org.openqa.selenium.WebDriverException: Failed to decode response from marionette
Build info: version: '3.7.1', revision: '8a0099a', time: '2017-11-06T21:07:36.161Z'
System info: host: 'DESKTOP-QBDEEEG', ip: '192.168.1.42', os.name: 'Windows 10', os.arch: 'amd64', os.version: '10.0', java.version: '1.8.0_181'
Driver info: com.kms.katalon.core.webui.driver.firefox.CGeckoDriver
Capabilities {acceptInsecureCerts: true, browserName: firefox, browserVersion: 61.0.2, javascriptEnabled: true, moz:accessibilityChecks: false, moz:headless: false, moz:processID: 6492, moz:profile: C:\Users\Andrey\AppData\Loc..., moz:useNonSpecCompliantPointerOrigin: false, moz:webdriverClick: true, pageLoadStrategy: normal, platform: XP, platformName: XP, platformVersion: 10.0, proxy: Proxy(direct), rotatable: false, timeouts: {implicit: 0, pageLoad: 300000, script: 30000}}
Session ID: f90bac57-0d82-4c06-909c-d4b870f44c5c
*** Element info: {Using=xpath, value=//td[@class = 'xY a4W']})

2018-09-05 15:49:08 - [TEST_STEP][PASSED] - openBrowser: Browser is opened with url: ''

2018-09-05 15:49:08 - [MESSAGE][WARNING] - A browser is already opened. Closing browser and opening a new one

2018-09-05 15:49:14 - [MESSAGE][PASSED] - Browser is opened with url: ''

2018-09-05 15:49:14 - [TEST_STEP][PASSED] - navigateToUrl: Navigate to 'https://accounts.google.com/signin/v2/identifier?continue=https%3A%2F%2Fmail.google.com%2Fmail%2F&service=mail&sacu=1&rip=1&flowName=GlifWebSignIn&flowEntry=ServiceLogin' successfully

2018-09-05 15:49:16 - [MESSAGE][PASSED] - Navigate to 'https://accounts.google.com/signin/v2/identifier?continue=https%3A%2F%2Fmail.google.com%2Fmail%2F&service=mail&sacu=1&rip=1&flowName=GlifWebSignIn&flowEntry=ServiceLogin' successfully

2018-09-05 15:49:16 - [TEST_STEP][PASSED] - setText: Text 'adresat.test@gmail.com' is set on object 'Object Repository/Respond to email/Page_Gmail/input_identifier'

2018-09-05 15:49:16 - [MESSAGE][PASSED] - Text 'adresat.test@gmail.com' is set on object 'Object Repository/Respond to email/Page_Gmail/input_identifier'

2018-09-05 15:49:16 - [TEST_STEP][PASSED] - click: Object: 'Object Repository/Respond to email/Page_Gmail/span_' is clicked on

2018-09-05 15:49:16 - [MESSAGE][PASSED] - Object: 'Object Repository/Respond to email/Page_Gmail/span_' is clicked on

2018-09-05 15:49:16 - [TEST_STEP][PASSED] - waitForElementClickable: Object 'Object Repository/Respond to email/Password/input_password' is clickable

2018-09-05 15:49:17 - [MESSAGE][PASSED] - Object 'Object Repository/Respond to email/Password/input_password' is clickable

2018-09-05 15:49:17 - [TEST_STEP][PASSED] - mouseOver: Object: 'Object Repository/Respond to email/Password/input_password' is hovered

2018-09-05 15:49:17 - [MESSAGE][PASSED] - Object: 'Object Repository/Respond to email/Password/input_password' is hovered

2018-09-05 15:49:17 - [TEST_STEP][PASSED] - setText: Text 'adresat2018' is set on object 'Object Repository/Respond to email/Password/input_password'

2018-09-05 15:49:17 - [MESSAGE][PASSED] - Text 'adresat2018' is set on object 'Object Repository/Respond to email/Password/input_password'

2018-09-05 15:49:17 - [TEST_STEP][PASSED] - sendKeys: Keys 'ENTER + ' sent to object: 'Object Repository/Respond to email/Password/input_password'

2018-09-05 15:49:17 - [MESSAGE][PASSED] - Keys 'ENTER + ' sent to object: 'Object Repository/Respond to email/Password/input_password'

2018-09-05 15:49:17 - [TEST_STEP][PASSED] - waitForPageLoad: Wait for page load successfully

2018-09-05 15:49:17 - [MESSAGE][PASSED] - Wait for page load successfully

2018-09-05 15:49:17 - [TEST_STEP][FAILED] - click: Unable to click on object 'Object Repository/Respond to email/Page_messages/open message' (Root cause: org.openqa.selenium.WebDriverException: Failed to decode response from marionette
Build info: version: '3.7.1', revision: '8a0099a', time: '2017-11-06T21:07:36.161Z'
System info: host: 'DESKTOP-QBDEEEG', ip: '192.168.1.42', os.name: 'Windows 10', os.arch: 'amd64', os.version: '10.0', java.version: '1.8.0_181'
Driver info: com.kms.katalon.core.webui.driver.firefox.CGeckoDriver
Capabilities {acceptInsecureCerts: true, browserName: firefox, browserVersion: 61.0.2, javascriptEnabled: true, moz:accessibilityChecks: false, moz:headless: false, moz:processID: 6492, moz:profile: C:\Users\Andrey\AppData\Loc..., moz:useNonSpecCompliantPointerOrigin: false, moz:webdriverClick: true, pageLoadStrategy: normal, platform: XP, platformName: XP, platformVersion: 10.0, proxy: Proxy(direct), rotatable: false, timeouts: {implicit: 0, pageLoad: 300000, script: 30000}}
Session ID: f90bac57-0d82-4c06-909c-d4b870f44c5c
*** Element info: {Using=xpath, value=//td[@class = 'xY a4W']})

2018-09-05 15:49:31 - [MESSAGE][WARNING] - Cannot take screenshot

2018-09-05 15:49:31 - [MESSAGE][FAILED] - Unable to click on object 'Object Repository/Respond to email/Page_messages/open message' (Root cause: org.openqa.selenium.WebDriverException: Failed to decode response from marionette
Build info: version: '3.7.1', revision: '8a0099a', time: '2017-11-06T21:07:36.161Z'
System info: host: 'DESKTOP-QBDEEEG', ip: '192.168.1.42', os.name: 'Windows 10', os.arch: 'amd64', os.version: '10.0', java.version: '1.8.0_181'
Driver info: com.kms.katalon.core.webui.driver.firefox.CGeckoDriver
Capabilities {acceptInsecureCerts: true, browserName: firefox, browserVersion: 61.0.2, javascriptEnabled: true, moz:accessibilityChecks: false, moz:headless: false, moz:processID: 6492, moz:profile: C:\Users\Andrey\AppData\Loc..., moz:useNonSpecCompliantPointerOrigin: false, moz:webdriverClick: true, pageLoadStrategy: normal, platform: XP, platformName: XP, platformVersion: 10.0, proxy: Proxy(direct), rotatable: false, timeouts: {implicit: 0, pageLoad: 300000, script: 30000}}
Session ID: f90bac57-0d82-4c06-909c-d4b870f44c5c
*** Element info: {Using=xpath, value=//td[@class = 'xY a4W']})]]></system-out>
         <system-err><![CDATA[2018-09-05 15:49:08 - [TEST_CASE][FAILED] - Test Cases/Respond to email: Test Cases/Respond to email FAILED because (of) Unable to click on object 'Object Repository/Respond to email/Page_messages/open message' (Root cause: org.openqa.selenium.WebDriverException: Failed to decode response from marionette
Build info: version: '3.7.1', revision: '8a0099a', time: '2017-11-06T21:07:36.161Z'
System info: host: 'DESKTOP-QBDEEEG', ip: '192.168.1.42', os.name: 'Windows 10', os.arch: 'amd64', os.version: '10.0', java.version: '1.8.0_181'
Driver info: com.kms.katalon.core.webui.driver.firefox.CGeckoDriver
Capabilities {acceptInsecureCerts: true, browserName: firefox, browserVersion: 61.0.2, javascriptEnabled: true, moz:accessibilityChecks: false, moz:headless: false, moz:processID: 6492, moz:profile: C:\Users\Andrey\AppData\Loc..., moz:useNonSpecCompliantPointerOrigin: false, moz:webdriverClick: true, pageLoadStrategy: normal, platform: XP, platformName: XP, platformVersion: 10.0, proxy: Proxy(direct), rotatable: false, timeouts: {implicit: 0, pageLoad: 300000, script: 30000}}
Session ID: f90bac57-0d82-4c06-909c-d4b870f44c5c
*** Element info: {Using=xpath, value=//td[@class = 'xY a4W']})]]></system-err>
      </testcase>
      <testcase name="Test Cases/Open message" classname="Test Cases/Open message" status="FAILED">
         <failure type="FAILED" message="Unable to open browser with url: '' (Root cause: org.openqa.selenium.SessionNotCreatedException: Tried to run command without establishing a connection
Build info: version: '3.7.1', revision: '8a0099a', time: '2017-11-06T21:07:36.161Z'
System info: host: 'DESKTOP-QBDEEEG', ip: '192.168.1.42', os.name: 'Windows 10', os.arch: 'amd64', os.version: '10.0', java.version: '1.8.0_181'
Driver info: com.kms.katalon.core.webui.driver.firefox.CGeckoDriver
Capabilities {acceptInsecureCerts: true, browserName: firefox, browserVersion: 61.0.2, javascriptEnabled: true, moz:accessibilityChecks: false, moz:headless: false, moz:processID: 6492, moz:profile: C:\Users\Andrey\AppData\Loc..., moz:useNonSpecCompliantPointerOrigin: false, moz:webdriverClick: true, pageLoadStrategy: normal, platform: XP, platformName: XP, platformVersion: 10.0, proxy: Proxy(direct), rotatable: false, timeouts: {implicit: 0, pageLoad: 300000, script: 30000}}
Session ID: f90bac57-0d82-4c06-909c-d4b870f44c5c)"/>
         <system-out><![CDATA[2018-09-05 15:49:31 - [TEST_CASE][FAILED] - Test Cases/Open message: Test Cases/Open message FAILED because (of) Unable to open browser with url: '' (Root cause: org.openqa.selenium.SessionNotCreatedException: Tried to run command without establishing a connection
Build info: version: '3.7.1', revision: '8a0099a', time: '2017-11-06T21:07:36.161Z'
System info: host: 'DESKTOP-QBDEEEG', ip: '192.168.1.42', os.name: 'Windows 10', os.arch: 'amd64', os.version: '10.0', java.version: '1.8.0_181'
Driver info: com.kms.katalon.core.webui.driver.firefox.CGeckoDriver
Capabilities {acceptInsecureCerts: true, browserName: firefox, browserVersion: 61.0.2, javascriptEnabled: true, moz:accessibilityChecks: false, moz:headless: false, moz:processID: 6492, moz:profile: C:\Users\Andrey\AppData\Loc..., moz:useNonSpecCompliantPointerOrigin: false, moz:webdriverClick: true, pageLoadStrategy: normal, platform: XP, platformName: XP, platformVersion: 10.0, proxy: Proxy(direct), rotatable: false, timeouts: {implicit: 0, pageLoad: 300000, script: 30000}}
Session ID: f90bac57-0d82-4c06-909c-d4b870f44c5c)

2018-09-05 15:49:31 - [TEST_STEP][FAILED] - openBrowser: Unable to open browser with url: '' (Root cause: org.openqa.selenium.SessionNotCreatedException: Tried to run command without establishing a connection
Build info: version: '3.7.1', revision: '8a0099a', time: '2017-11-06T21:07:36.161Z'
System info: host: 'DESKTOP-QBDEEEG', ip: '192.168.1.42', os.name: 'Windows 10', os.arch: 'amd64', os.version: '10.0', java.version: '1.8.0_181'
Driver info: com.kms.katalon.core.webui.driver.firefox.CGeckoDriver
Capabilities {acceptInsecureCerts: true, browserName: firefox, browserVersion: 61.0.2, javascriptEnabled: true, moz:accessibilityChecks: false, moz:headless: false, moz:processID: 6492, moz:profile: C:\Users\Andrey\AppData\Loc..., moz:useNonSpecCompliantPointerOrigin: false, moz:webdriverClick: true, pageLoadStrategy: normal, platform: XP, platformName: XP, platformVersion: 10.0, proxy: Proxy(direct), rotatable: false, timeouts: {implicit: 0, pageLoad: 300000, script: 30000}}
Session ID: f90bac57-0d82-4c06-909c-d4b870f44c5c)

2018-09-05 15:49:31 - [MESSAGE][WARNING] - A browser is already opened. Closing browser and opening a new one

2018-09-05 15:49:31 - [MESSAGE][FAILED] - Unable to open browser with url: '' (Root cause: org.openqa.selenium.SessionNotCreatedException: Tried to run command without establishing a connection
Build info: version: '3.7.1', revision: '8a0099a', time: '2017-11-06T21:07:36.161Z'
System info: host: 'DESKTOP-QBDEEEG', ip: '192.168.1.42', os.name: 'Windows 10', os.arch: 'amd64', os.version: '10.0', java.version: '1.8.0_181'
Driver info: com.kms.katalon.core.webui.driver.firefox.CGeckoDriver
Capabilities {acceptInsecureCerts: true, browserName: firefox, browserVersion: 61.0.2, javascriptEnabled: true, moz:accessibilityChecks: false, moz:headless: false, moz:processID: 6492, moz:profile: C:\Users\Andrey\AppData\Loc..., moz:useNonSpecCompliantPointerOrigin: false, moz:webdriverClick: true, pageLoadStrategy: normal, platform: XP, platformName: XP, platformVersion: 10.0, proxy: Proxy(direct), rotatable: false, timeouts: {implicit: 0, pageLoad: 300000, script: 30000}}
Session ID: f90bac57-0d82-4c06-909c-d4b870f44c5c)]]></system-out>
         <system-err><![CDATA[2018-09-05 15:49:31 - [TEST_CASE][FAILED] - Test Cases/Open message: Test Cases/Open message FAILED because (of) Unable to open browser with url: '' (Root cause: org.openqa.selenium.SessionNotCreatedException: Tried to run command without establishing a connection
Build info: version: '3.7.1', revision: '8a0099a', time: '2017-11-06T21:07:36.161Z'
System info: host: 'DESKTOP-QBDEEEG', ip: '192.168.1.42', os.name: 'Windows 10', os.arch: 'amd64', os.version: '10.0', java.version: '1.8.0_181'
Driver info: com.kms.katalon.core.webui.driver.firefox.CGeckoDriver
Capabilities {acceptInsecureCerts: true, browserName: firefox, browserVersion: 61.0.2, javascriptEnabled: true, moz:accessibilityChecks: false, moz:headless: false, moz:processID: 6492, moz:profile: C:\Users\Andrey\AppData\Loc..., moz:useNonSpecCompliantPointerOrigin: false, moz:webdriverClick: true, pageLoadStrategy: normal, platform: XP, platformName: XP, platformVersion: 10.0, proxy: Proxy(direct), rotatable: false, timeouts: {implicit: 0, pageLoad: 300000, script: 30000}}
Session ID: f90bac57-0d82-4c06-909c-d4b870f44c5c)]]></system-err>
      </testcase>
      <system-out><![CDATA[2018-09-05 15:48:49 - [TEST_SUITE][FAILED] - Gmail testing: Test Cases/Respond to email FAILED because (of) Unable to click on object 'Object Repository/Respond to email/Page_messages/open message' (Root cause: org.openqa.selenium.WebDriverException: Failed to decode response from marionette
Build info: version: '3.7.1', revision: '8a0099a', time: '2017-11-06T21:07:36.161Z'
System info: host: 'DESKTOP-QBDEEEG', ip: '192.168.1.42', os.name: 'Windows 10', os.arch: 'amd64', os.version: '10.0', java.version: '1.8.0_181'
Driver info: com.kms.katalon.core.webui.driver.firefox.CGeckoDriver
Capabilities {acceptInsecureCerts: true, browserName: firefox, browserVersion: 61.0.2, javascriptEnabled: true, moz:accessibilityChecks: false, moz:headless: false, moz:processID: 6492, moz:profile: C:\Users\Andrey\AppData\Loc..., moz:useNonSpecCompliantPointerOrigin: false, moz:webdriverClick: true, pageLoadStrategy: normal, platform: XP, platformName: XP, platformVersion: 10.0, proxy: Proxy(direct), rotatable: false, timeouts: {implicit: 0, pageLoad: 300000, script: 30000}}
Session ID: f90bac57-0d82-4c06-909c-d4b870f44c5c
*** Element info: {Using=xpath, value=//td[@class = 'xY a4W']})]]></system-out>
      <system-err><![CDATA[2018-09-05 15:48:49 - [TEST_SUITE][FAILED] - Gmail testing: Test Cases/Respond to email FAILED because (of) Unable to click on object 'Object Repository/Respond to email/Page_messages/open message' (Root cause: org.openqa.selenium.WebDriverException: Failed to decode response from marionette
Build info: version: '3.7.1', revision: '8a0099a', time: '2017-11-06T21:07:36.161Z'
System info: host: 'DESKTOP-QBDEEEG', ip: '192.168.1.42', os.name: 'Windows 10', os.arch: 'amd64', os.version: '10.0', java.version: '1.8.0_181'
Driver info: com.kms.katalon.core.webui.driver.firefox.CGeckoDriver
Capabilities {acceptInsecureCerts: true, browserName: firefox, browserVersion: 61.0.2, javascriptEnabled: true, moz:accessibilityChecks: false, moz:headless: false, moz:processID: 6492, moz:profile: C:\Users\Andrey\AppData\Loc..., moz:useNonSpecCompliantPointerOrigin: false, moz:webdriverClick: true, pageLoadStrategy: normal, platform: XP, platformName: XP, platformVersion: 10.0, proxy: Proxy(direct), rotatable: false, timeouts: {implicit: 0, pageLoad: 300000, script: 30000}}
Session ID: f90bac57-0d82-4c06-909c-d4b870f44c5c
*** Element info: {Using=xpath, value=//td[@class = 'xY a4W']})]]></system-err>
   </testsuite>
</testsuites>
