<?xml version="1.0" encoding="UTF-8"?>
<testsuites name="Gmail testing_" time="17" tests="1" failures="0" errors="0">
   <testsuite name="Gmail testing_" tests="1" failures="0" errors="0" time="17" timestamp="2018-09-05 19:20:13" hostname="Andrey - DESKTOP-QBDEEEG" id="Test Suites/Gmail testing_">
      <properties>
         <property name="deviceName" value=""/>
         <property name="devicePlatform" value=""/>
         <property name="logFolder" value="C:\\Users\\Andrey\\git\\proj\\Reports\\Gmail testing_\\20180905_191925"/>
         <property name="logFiles" value="C:\\Users\\Andrey\\git\\proj\\Reports\\Gmail testing_\\20180905_191925\\execution0.log"/>
         <property name="attachments" value=""/>
         <property name="hostName" value="Andrey - DESKTOP-QBDEEEG"/>
         <property name="os" value="Windows 10 64bit"/>
         <property name="katalonVersion" value="5.6.3.1"/>
         <property name="browser" value="Firefox 61.0"/>
         <property name="hostAddress" value="192.168.1.42"/>
         <property name="sessionId" value="b0b0e401-6d55-4473-8d74-631da9521285"/>
         <property name="seleniumVersion" value="3.7.1"/>
         <property name="proxyInformation" value="ProxyInformation{proxyOption=NO_PROXY, proxyServerType=HTTP, password=, proxyServerAddress=, proxyServerPort=0}"/>
         <property name="platform" value="Windows 10"/>
      </properties>
      <testcase name="Test Cases/Open message" classname="Test Cases/Open message" status="PASSED">
         <system-out><![CDATA[2018-09-05 19:20:13 - [TEST_CASE][PASSED] - Test Cases/Open message: Test Cases/Open message

2018-09-05 19:20:13 - [TEST_STEP][PASSED] - openBrowser: Browser is opened with url: ''

2018-09-05 19:20:20 - [MESSAGE][PASSED] - Browser is opened with url: ''

2018-09-05 19:20:20 - [TEST_STEP][PASSED] - navigateToUrl: Navigate to 'https://accounts.google.com/signin/v2/identifier?continue=https%3A%2F%2Fmail.google.com%2Fmail%2F&service=mail&sacu=1&rip=1&flowName=GlifWebSignIn&flowEntry=ServiceLogin' successfully

2018-09-05 19:20:22 - [MESSAGE][PASSED] - Navigate to 'https://accounts.google.com/signin/v2/identifier?continue=https%3A%2F%2Fmail.google.com%2Fmail%2F&service=mail&sacu=1&rip=1&flowName=GlifWebSignIn&flowEntry=ServiceLogin' successfully

2018-09-05 19:20:22 - [TEST_STEP][PASSED] - setText: Text 'adresant.test@gmail.com' is set on object 'Object Repository/Open messsage/Page_Gmail/input_identifier'

2018-09-05 19:20:23 - [MESSAGE][PASSED] - Text 'adresant.test@gmail.com' is set on object 'Object Repository/Open messsage/Page_Gmail/input_identifier'

2018-09-05 19:20:23 - [TEST_STEP][PASSED] - click: Object: 'Object Repository/Open messsage/Page_Gmail/span_' is clicked on

2018-09-05 19:20:23 - [MESSAGE][PASSED] - Object: 'Object Repository/Open messsage/Page_Gmail/span_' is clicked on

2018-09-05 19:20:23 - [TEST_STEP][PASSED] - waitForElementClickable: Object 'Object Repository/Respond to email/Password/input_password' is clickable

2018-09-05 19:20:24 - [MESSAGE][PASSED] - Object 'Object Repository/Respond to email/Password/input_password' is clickable

2018-09-05 19:20:24 - [TEST_STEP][PASSED] - mouseOver: Object: 'Object Repository/Open messsage/Password/input_password' is hovered

2018-09-05 19:20:24 - [MESSAGE][PASSED] - Object: 'Object Repository/Open messsage/Password/input_password' is hovered

2018-09-05 19:20:24 - [TEST_STEP][PASSED] - setText: Text 'adresant2018' is set on object 'Object Repository/Open messsage/Password/input_password'

2018-09-05 19:20:25 - [MESSAGE][PASSED] - Text 'adresant2018' is set on object 'Object Repository/Open messsage/Password/input_password'

2018-09-05 19:20:25 - [TEST_STEP][PASSED] - sendKeys: Keys 'ENTER + ' sent to object: 'Object Repository/Open messsage/Password/input_password'

2018-09-05 19:20:25 - [MESSAGE][PASSED] - Keys 'ENTER + ' sent to object: 'Object Repository/Open messsage/Password/input_password'

2018-09-05 19:20:25 - [TEST_STEP][PASSED] - waitForPageLoad: Wait for page load successfully

2018-09-05 19:20:25 - [MESSAGE][PASSED] - Wait for page load successfully

2018-09-05 19:20:25 - [TEST_STEP][PASSED] - click: Object: 'Object Repository/Open messsage/Page_messages/open message' is clicked on

2018-09-05 19:20:29 - [MESSAGE][PASSED] - Object: 'Object Repository/Open messsage/Page_messages/open message' is clicked on]]></system-out>
         <system-err><![CDATA[]]></system-err>
      </testcase>
      <system-out><![CDATA[2018-09-05 19:20:13 - [TEST_SUITE][PASSED] - Gmail testing_: Test Cases/Open message]]></system-out>
      <system-err><![CDATA[]]></system-err>
   </testsuite>
</testsuites>
