<?xml version="1.0" encoding="UTF-8"?>
<testsuites name="Gmail testing" time="49" tests="3" failures="0" errors="0">
   <testsuite name="Gmail testing" tests="3" failures="0" errors="0" time="49" timestamp="2018-09-05 15:47:45" hostname="Andrey - DESKTOP-QBDEEEG" id="Test Suites/Gmail testing">
      <properties>
         <property name="deviceName" value=""/>
         <property name="devicePlatform" value=""/>
         <property name="logFolder" value="C:\\Users\\Andrey\\git\\KatalonStudioProject1\\Reports\\Gmail testing\\20180905_154742"/>
         <property name="logFiles" value="C:\\Users\\Andrey\\git\\KatalonStudioProject1\\Reports\\Gmail testing\\20180905_154742\\execution0.log"/>
         <property name="attachments" value=""/>
         <property name="hostName" value="Andrey - DESKTOP-QBDEEEG"/>
         <property name="os" value="Windows 10 64bit"/>
         <property name="katalonVersion" value="5.6.3.1"/>
         <property name="browser" value="Firefox 61.0"/>
         <property name="hostAddress" value="192.168.1.42"/>
         <property name="sessionId" value="8a41a79e-a58a-47a7-829f-44ce196a741f"/>
         <property name="seleniumVersion" value="3.7.1"/>
         <property name="proxyInformation" value="ProxyInformation{proxyOption=NO_PROXY, proxyServerType=HTTP, password=, proxyServerAddress=, proxyServerPort=0}"/>
         <property name="platform" value="Windows 10"/>
      </properties>
      <testcase name="Test Cases/Send email" classname="Test Cases/Send email" status="PASSED">
         <system-out><![CDATA[2018-09-05 15:47:45 - [TEST_CASE][PASSED] - Test Cases/Send email: Test Cases/Send email

2018-09-05 15:47:45 - [TEST_STEP][PASSED] - openBrowser: Browser is opened with url: ''

2018-09-05 15:47:52 - [MESSAGE][PASSED] - Browser is opened with url: ''

2018-09-05 15:47:52 - [TEST_STEP][PASSED] - navigateToUrl: Navigate to 'https://accounts.google.com/signin/v2/identifier?continue=https%3A%2F%2Fmail.google.com%2Fmail%2F&service=mail&sacu=1&rip=1&flowName=GlifWebSignIn&flowEntry=ServiceLogin' successfully

2018-09-05 15:47:54 - [MESSAGE][PASSED] - Navigate to 'https://accounts.google.com/signin/v2/identifier?continue=https%3A%2F%2Fmail.google.com%2Fmail%2F&service=mail&sacu=1&rip=1&flowName=GlifWebSignIn&flowEntry=ServiceLogin' successfully

2018-09-05 15:47:54 - [TEST_STEP][PASSED] - setText: Text 'adresant.test@gmail.com' is set on object 'Object Repository/send email/Page_Gmail/input_identifier'

2018-09-05 15:47:54 - [MESSAGE][PASSED] - Text 'adresant.test@gmail.com' is set on object 'Object Repository/send email/Page_Gmail/input_identifier'

2018-09-05 15:47:54 - [TEST_STEP][PASSED] - click: Object: 'Object Repository/send email/Page_Gmail/span_' is clicked on

2018-09-05 15:47:55 - [MESSAGE][PASSED] - Object: 'Object Repository/send email/Page_Gmail/span_' is clicked on

2018-09-05 15:47:55 - [TEST_STEP][PASSED] - waitForElementClickable: Object 'Object Repository/send email/Password/input_password' is clickable

2018-09-05 15:47:55 - [MESSAGE][PASSED] - Object 'Object Repository/send email/Password/input_password' is clickable

2018-09-05 15:47:55 - [TEST_STEP][PASSED] - mouseOver: Object: 'Object Repository/send email/Password/input_password' is hovered

2018-09-05 15:47:55 - [MESSAGE][PASSED] - Object: 'Object Repository/send email/Password/input_password' is hovered

2018-09-05 15:47:55 - [TEST_STEP][PASSED] - setText: Text 'adresant2018' is set on object 'Object Repository/send email/Password/input_password'

2018-09-05 15:47:56 - [MESSAGE][PASSED] - Text 'adresant2018' is set on object 'Object Repository/send email/Password/input_password'

2018-09-05 15:47:56 - [TEST_STEP][PASSED] - sendKeys: Keys 'ENTER + ' sent to object: 'Object Repository/send email/Password/input_password'

2018-09-05 15:47:56 - [MESSAGE][PASSED] - Keys 'ENTER + ' sent to object: 'Object Repository/send email/Password/input_password'

2018-09-05 15:47:56 - [TEST_STEP][PASSED] - waitForPageLoad: Wait for page load successfully

2018-09-05 15:47:56 - [MESSAGE][PASSED] - Wait for page load successfully

2018-09-05 15:47:56 - [TEST_STEP][PASSED] - click: Object: 'Object Repository/send email/Page_ - adresant.testgmail.com - Gm/div_' is clicked on

2018-09-05 15:48:01 - [MESSAGE][PASSED] - Object: 'Object Repository/send email/Page_ - adresant.testgmail.com - Gm/div_' is clicked on

2018-09-05 15:48:01 - [TEST_STEP][PASSED] - waitForElementClickable: Object 'Object Repository/send email/Page_ - adresant.testgmail.com - Gm/textarea_to' is clickable

2018-09-05 15:48:02 - [MESSAGE][PASSED] - Object 'Object Repository/send email/Page_ - adresant.testgmail.com - Gm/textarea_to' is clickable

2018-09-05 15:48:02 - [TEST_STEP][PASSED] - setText: Text 'adresat.test@gmail.com' is set on object 'Object Repository/send email/Page_ - adresant.testgmail.com - Gm/textarea_to'

2018-09-05 15:48:02 - [MESSAGE][PASSED] - Text 'adresat.test@gmail.com' is set on object 'Object Repository/send email/Page_ - adresant.testgmail.com - Gm/textarea_to'

2018-09-05 15:48:02 - [TEST_STEP][PASSED] - sendKeys: Keys 'TAB + ' sent to object: 'Object Repository/send email/Page_ - adresant.testgmail.com - Gm/textarea_to'

2018-09-05 15:48:02 - [MESSAGE][PASSED] - Keys 'TAB + ' sent to object: 'Object Repository/send email/Page_ - adresant.testgmail.com - Gm/textarea_to'

2018-09-05 15:48:02 - [TEST_STEP][PASSED] - setText: Text 'some jubject' is set on object 'Object Repository/send email/Page_ - adresant.testgmail.com - Gm/input_subjectbox'

2018-09-05 15:48:02 - [MESSAGE][PASSED] - Text 'some jubject' is set on object 'Object Repository/send email/Page_ - adresant.testgmail.com - Gm/input_subjectbox'

2018-09-05 15:48:02 - [TEST_STEP][PASSED] - setText: Text 'some text' is set on object 'Object Repository/send email/Page_ - adresant.testgmail.com - Gm/div_messageText'

2018-09-05 15:48:03 - [MESSAGE][PASSED] - Text 'some text' is set on object 'Object Repository/send email/Page_ - adresant.testgmail.com - Gm/div_messageText'

2018-09-05 15:48:03 - [TEST_STEP][PASSED] - click: Object: 'Object Repository/send email/Page_ - adresant.testgmail.com - Gm/Send' is clicked on

2018-09-05 15:48:03 - [MESSAGE][PASSED] - Object: 'Object Repository/send email/Page_ - adresant.testgmail.com - Gm/Send' is clicked on]]></system-out>
         <system-err><![CDATA[]]></system-err>
      </testcase>
      <testcase name="Test Cases/Respond to email" classname="Test Cases/Respond to email" status="PASSED">
         <system-out><![CDATA[2018-09-05 15:48:03 - [TEST_CASE][PASSED] - Test Cases/Respond to email: Test Cases/Respond to email

2018-09-05 15:48:03 - [TEST_STEP][PASSED] - openBrowser: Browser is opened with url: ''

2018-09-05 15:48:03 - [MESSAGE][WARNING] - A browser is already opened. Closing browser and opening a new one

2018-09-05 15:48:09 - [MESSAGE][PASSED] - Browser is opened with url: ''

2018-09-05 15:48:09 - [TEST_STEP][PASSED] - navigateToUrl: Navigate to 'https://accounts.google.com/signin/v2/identifier?continue=https%3A%2F%2Fmail.google.com%2Fmail%2F&service=mail&sacu=1&rip=1&flowName=GlifWebSignIn&flowEntry=ServiceLogin' successfully

2018-09-05 15:48:11 - [MESSAGE][PASSED] - Navigate to 'https://accounts.google.com/signin/v2/identifier?continue=https%3A%2F%2Fmail.google.com%2Fmail%2F&service=mail&sacu=1&rip=1&flowName=GlifWebSignIn&flowEntry=ServiceLogin' successfully

2018-09-05 15:48:11 - [TEST_STEP][PASSED] - setText: Text 'adresat.test@gmail.com' is set on object 'Object Repository/Respond to email/Page_Gmail/input_identifier'

2018-09-05 15:48:11 - [MESSAGE][PASSED] - Text 'adresat.test@gmail.com' is set on object 'Object Repository/Respond to email/Page_Gmail/input_identifier'

2018-09-05 15:48:11 - [TEST_STEP][PASSED] - click: Object: 'Object Repository/Respond to email/Page_Gmail/span_' is clicked on

2018-09-05 15:48:12 - [MESSAGE][PASSED] - Object: 'Object Repository/Respond to email/Page_Gmail/span_' is clicked on

2018-09-05 15:48:12 - [TEST_STEP][PASSED] - waitForElementClickable: Object 'Object Repository/Respond to email/Password/input_password' is clickable

2018-09-05 15:48:12 - [MESSAGE][PASSED] - Object 'Object Repository/Respond to email/Password/input_password' is clickable

2018-09-05 15:48:12 - [TEST_STEP][PASSED] - mouseOver: Object: 'Object Repository/Respond to email/Password/input_password' is hovered

2018-09-05 15:48:12 - [MESSAGE][PASSED] - Object: 'Object Repository/Respond to email/Password/input_password' is hovered

2018-09-05 15:48:12 - [TEST_STEP][PASSED] - setText: Text 'adresat2018' is set on object 'Object Repository/Respond to email/Password/input_password'

2018-09-05 15:48:12 - [MESSAGE][PASSED] - Text 'adresat2018' is set on object 'Object Repository/Respond to email/Password/input_password'

2018-09-05 15:48:12 - [TEST_STEP][PASSED] - sendKeys: Keys 'ENTER + ' sent to object: 'Object Repository/Respond to email/Password/input_password'

2018-09-05 15:48:13 - [MESSAGE][PASSED] - Keys 'ENTER + ' sent to object: 'Object Repository/Respond to email/Password/input_password'

2018-09-05 15:48:13 - [TEST_STEP][PASSED] - waitForPageLoad: Wait for page load successfully

2018-09-05 15:48:13 - [MESSAGE][PASSED] - Wait for page load successfully

2018-09-05 15:48:13 - [TEST_STEP][PASSED] - click: Object: 'Object Repository/Respond to email/Page_messages/open message' is clicked on

2018-09-05 15:48:17 - [MESSAGE][PASSED] - Object: 'Object Repository/Respond to email/Page_messages/open message' is clicked on

2018-09-05 15:48:17 - [TEST_STEP][PASSED] - click: Object: 'Object Repository/Respond to email/Page_incoming_messsage/response field' is clicked on

2018-09-05 15:48:18 - [MESSAGE][PASSED] - Object: 'Object Repository/Respond to email/Page_incoming_messsage/response field' is clicked on

2018-09-05 15:48:18 - [TEST_STEP][PASSED] - setText: Text 'random text' is set on object 'Object Repository/Respond to email/Page_incoming_messsage/response field opened'

2018-09-05 15:48:19 - [MESSAGE][PASSED] - Text 'random text' is set on object 'Object Repository/Respond to email/Page_incoming_messsage/response field opened'

2018-09-05 15:48:19 - [TEST_STEP][PASSED] - click: Object: 'Object Repository/Respond to email/Page_incoming_messsage/respond button' is clicked on

2018-09-05 15:48:20 - [MESSAGE][PASSED] - Object: 'Object Repository/Respond to email/Page_incoming_messsage/respond button' is clicked on]]></system-out>
         <system-err><![CDATA[]]></system-err>
      </testcase>
      <testcase name="Test Cases/Open message" classname="Test Cases/Open message" status="PASSED">
         <system-out><![CDATA[2018-09-05 15:48:20 - [TEST_CASE][PASSED] - Test Cases/Open message: Test Cases/Open message

2018-09-05 15:48:20 - [TEST_STEP][PASSED] - openBrowser: Browser is opened with url: ''

2018-09-05 15:48:20 - [MESSAGE][WARNING] - A browser is already opened. Closing browser and opening a new one

2018-09-05 15:48:26 - [MESSAGE][PASSED] - Browser is opened with url: ''

2018-09-05 15:48:26 - [TEST_STEP][PASSED] - navigateToUrl: Navigate to 'https://accounts.google.com/signin/v2/identifier?continue=https%3A%2F%2Fmail.google.com%2Fmail%2F&service=mail&sacu=1&rip=1&flowName=GlifWebSignIn&flowEntry=ServiceLogin' successfully

2018-09-05 15:48:28 - [MESSAGE][PASSED] - Navigate to 'https://accounts.google.com/signin/v2/identifier?continue=https%3A%2F%2Fmail.google.com%2Fmail%2F&service=mail&sacu=1&rip=1&flowName=GlifWebSignIn&flowEntry=ServiceLogin' successfully

2018-09-05 15:48:28 - [TEST_STEP][PASSED] - setText: Text 'adresant.test@gmail.com' is set on object 'Object Repository/Open messsage/Page_Gmail/input_identifier'

2018-09-05 15:48:28 - [MESSAGE][PASSED] - Text 'adresant.test@gmail.com' is set on object 'Object Repository/Open messsage/Page_Gmail/input_identifier'

2018-09-05 15:48:28 - [TEST_STEP][PASSED] - click: Object: 'Object Repository/Open messsage/Page_Gmail/span_' is clicked on

2018-09-05 15:48:29 - [MESSAGE][PASSED] - Object: 'Object Repository/Open messsage/Page_Gmail/span_' is clicked on

2018-09-05 15:48:29 - [TEST_STEP][PASSED] - waitForElementClickable: Object 'Object Repository/Respond to email/Password/input_password' is clickable

2018-09-05 15:48:29 - [MESSAGE][PASSED] - Object 'Object Repository/Respond to email/Password/input_password' is clickable

2018-09-05 15:48:29 - [TEST_STEP][PASSED] - mouseOver: Object: 'Object Repository/Open messsage/Password/input_password' is hovered

2018-09-05 15:48:29 - [MESSAGE][PASSED] - Object: 'Object Repository/Open messsage/Password/input_password' is hovered

2018-09-05 15:48:29 - [TEST_STEP][PASSED] - setText: Text 'adresant2018' is set on object 'Object Repository/Open messsage/Password/input_password'

2018-09-05 15:48:29 - [MESSAGE][PASSED] - Text 'adresant2018' is set on object 'Object Repository/Open messsage/Password/input_password'

2018-09-05 15:48:29 - [TEST_STEP][PASSED] - sendKeys: Keys 'ENTER + ' sent to object: 'Object Repository/Open messsage/Password/input_password'

2018-09-05 15:48:29 - [MESSAGE][PASSED] - Keys 'ENTER + ' sent to object: 'Object Repository/Open messsage/Password/input_password'

2018-09-05 15:48:29 - [TEST_STEP][PASSED] - waitForPageLoad: Wait for page load successfully

2018-09-05 15:48:29 - [MESSAGE][PASSED] - Wait for page load successfully

2018-09-05 15:48:29 - [TEST_STEP][PASSED] - click: Object: 'Object Repository/Open messsage/Page_messages/open message' is clicked on

2018-09-05 15:48:34 - [MESSAGE][PASSED] - Object: 'Object Repository/Open messsage/Page_messages/open message' is clicked on]]></system-out>
         <system-err><![CDATA[]]></system-err>
      </testcase>
      <system-out><![CDATA[2018-09-05 15:47:45 - [TEST_SUITE][PASSED] - Gmail testing: Test Cases/Open message]]></system-out>
      <system-err><![CDATA[]]></system-err>
   </testsuite>
</testsuites>
