<?xml version="1.0" encoding="UTF-8"?>
<testsuites name="Gmail testing" time="36" tests="2" failures="0" errors="0">
   <testsuite name="Gmail testing" tests="2" failures="0" errors="0" time="36" timestamp="2018-09-05 16:00:34" hostname="Andrey - DESKTOP-QBDEEEG" id="Test Suites/Gmail testing">
      <properties>
         <property name="deviceName" value=""/>
         <property name="devicePlatform" value=""/>
         <property name="logFolder" value="C:\\Users\\Andrey\\git\\KatalonStudioProject1\\Reports\\Gmail testing\\20180905_160032"/>
         <property name="logFiles" value="C:\\Users\\Andrey\\git\\KatalonStudioProject1\\Reports\\Gmail testing\\20180905_160032\\execution0.log"/>
         <property name="attachments" value=""/>
         <property name="hostName" value="Andrey - DESKTOP-QBDEEEG"/>
         <property name="os" value="Windows 10 64bit"/>
         <property name="katalonVersion" value="5.6.3.1"/>
         <property name="browser" value="Firefox 61.0"/>
         <property name="hostAddress" value="192.168.1.42"/>
         <property name="sessionId" value="31e320b5-f209-4842-979d-688016eae2bd"/>
         <property name="seleniumVersion" value="3.7.1"/>
         <property name="proxyInformation" value="ProxyInformation{proxyOption=NO_PROXY, proxyServerType=HTTP, password=, proxyServerAddress=, proxyServerPort=0}"/>
         <property name="platform" value="Windows 10"/>
      </properties>
      <testcase name="Test Cases/Send email" classname="Test Cases/Send email" status="PASSED">
         <system-out><![CDATA[2018-09-05 16:00:35 - [TEST_CASE][PASSED] - Test Cases/Send email: Test Cases/Send email

2018-09-05 16:00:35 - [TEST_STEP][PASSED] - openBrowser: Browser is opened with url: ''

2018-09-05 16:00:42 - [MESSAGE][PASSED] - Browser is opened with url: ''

2018-09-05 16:00:42 - [TEST_STEP][PASSED] - navigateToUrl: Navigate to 'https://accounts.google.com/signin/v2/identifier?continue=https%3A%2F%2Fmail.google.com%2Fmail%2F&service=mail&sacu=1&rip=1&flowName=GlifWebSignIn&flowEntry=ServiceLogin' successfully

2018-09-05 16:00:44 - [MESSAGE][PASSED] - Navigate to 'https://accounts.google.com/signin/v2/identifier?continue=https%3A%2F%2Fmail.google.com%2Fmail%2F&service=mail&sacu=1&rip=1&flowName=GlifWebSignIn&flowEntry=ServiceLogin' successfully

2018-09-05 16:00:44 - [TEST_STEP][PASSED] - setText: Text 'adresant.test@gmail.com' is set on object 'Object Repository/send email/Page_Gmail/input_identifier'

2018-09-05 16:00:44 - [MESSAGE][PASSED] - Text 'adresant.test@gmail.com' is set on object 'Object Repository/send email/Page_Gmail/input_identifier'

2018-09-05 16:00:44 - [TEST_STEP][PASSED] - click: Object: 'Object Repository/send email/Page_Gmail/span_' is clicked on

2018-09-05 16:00:45 - [MESSAGE][PASSED] - Object: 'Object Repository/send email/Page_Gmail/span_' is clicked on

2018-09-05 16:00:45 - [TEST_STEP][PASSED] - waitForElementClickable: Object 'Object Repository/send email/Password/input_password' is clickable

2018-09-05 16:00:45 - [MESSAGE][PASSED] - Object 'Object Repository/send email/Password/input_password' is clickable

2018-09-05 16:00:45 - [TEST_STEP][PASSED] - mouseOver: Object: 'Object Repository/send email/Password/input_password' is hovered

2018-09-05 16:00:45 - [MESSAGE][PASSED] - Object: 'Object Repository/send email/Password/input_password' is hovered

2018-09-05 16:00:45 - [TEST_STEP][PASSED] - setText: Text 'adresant2018' is set on object 'Object Repository/send email/Password/input_password'

2018-09-05 16:00:46 - [MESSAGE][PASSED] - Text 'adresant2018' is set on object 'Object Repository/send email/Password/input_password'

2018-09-05 16:00:46 - [TEST_STEP][PASSED] - sendKeys: Keys 'ENTER + ' sent to object: 'Object Repository/send email/Password/input_password'

2018-09-05 16:00:46 - [MESSAGE][PASSED] - Keys 'ENTER + ' sent to object: 'Object Repository/send email/Password/input_password'

2018-09-05 16:00:46 - [TEST_STEP][PASSED] - waitForPageLoad: Wait for page load successfully

2018-09-05 16:00:46 - [MESSAGE][PASSED] - Wait for page load successfully

2018-09-05 16:00:46 - [TEST_STEP][PASSED] - click: Object: 'Object Repository/send email/Page_ - adresant.testgmail.com - Gm/div_' is clicked on

2018-09-05 16:00:51 - [MESSAGE][PASSED] - Object: 'Object Repository/send email/Page_ - adresant.testgmail.com - Gm/div_' is clicked on

2018-09-05 16:00:51 - [TEST_STEP][PASSED] - waitForElementClickable: Object 'Object Repository/send email/Page_ - adresant.testgmail.com - Gm/textarea_to' is clickable

2018-09-05 16:00:52 - [MESSAGE][PASSED] - Object 'Object Repository/send email/Page_ - adresant.testgmail.com - Gm/textarea_to' is clickable

2018-09-05 16:00:52 - [TEST_STEP][PASSED] - setText: Text 'adresat.test@gmail.com' is set on object 'Object Repository/send email/Page_ - adresant.testgmail.com - Gm/textarea_to'

2018-09-05 16:00:52 - [MESSAGE][PASSED] - Text 'adresat.test@gmail.com' is set on object 'Object Repository/send email/Page_ - adresant.testgmail.com - Gm/textarea_to'

2018-09-05 16:00:52 - [TEST_STEP][PASSED] - sendKeys: Keys 'TAB + ' sent to object: 'Object Repository/send email/Page_ - adresant.testgmail.com - Gm/textarea_to'

2018-09-05 16:00:52 - [MESSAGE][PASSED] - Keys 'TAB + ' sent to object: 'Object Repository/send email/Page_ - adresant.testgmail.com - Gm/textarea_to'

2018-09-05 16:00:52 - [TEST_STEP][PASSED] - setText: Text 'some jubject' is set on object 'Object Repository/send email/Page_ - adresant.testgmail.com - Gm/input_subjectbox'

2018-09-05 16:00:52 - [MESSAGE][PASSED] - Text 'some jubject' is set on object 'Object Repository/send email/Page_ - adresant.testgmail.com - Gm/input_subjectbox'

2018-09-05 16:00:52 - [TEST_STEP][PASSED] - setText: Text 'some text' is set on object 'Object Repository/send email/Page_ - adresant.testgmail.com - Gm/div_messageText'

2018-09-05 16:00:53 - [MESSAGE][PASSED] - Text 'some text' is set on object 'Object Repository/send email/Page_ - adresant.testgmail.com - Gm/div_messageText'

2018-09-05 16:00:53 - [TEST_STEP][PASSED] - click: Object: 'Object Repository/send email/Page_ - adresant.testgmail.com - Gm/Send' is clicked on

2018-09-05 16:00:53 - [MESSAGE][PASSED] - Object: 'Object Repository/send email/Page_ - adresant.testgmail.com - Gm/Send' is clicked on]]></system-out>
         <system-err><![CDATA[]]></system-err>
      </testcase>
      <testcase name="Test Cases/Respond to email" classname="Test Cases/Respond to email" status="PASSED">
         <system-out><![CDATA[2018-09-05 16:00:53 - [TEST_CASE][PASSED] - Test Cases/Respond to email: Test Cases/Respond to email

2018-09-05 16:00:53 - [TEST_STEP][PASSED] - openBrowser: Browser is opened with url: ''

2018-09-05 16:00:53 - [MESSAGE][WARNING] - A browser is already opened. Closing browser and opening a new one

2018-09-05 16:00:59 - [MESSAGE][PASSED] - Browser is opened with url: ''

2018-09-05 16:00:59 - [TEST_STEP][PASSED] - navigateToUrl: Navigate to 'https://accounts.google.com/signin/v2/identifier?continue=https%3A%2F%2Fmail.google.com%2Fmail%2F&service=mail&sacu=1&rip=1&flowName=GlifWebSignIn&flowEntry=ServiceLogin' successfully

2018-09-05 16:01:01 - [MESSAGE][PASSED] - Navigate to 'https://accounts.google.com/signin/v2/identifier?continue=https%3A%2F%2Fmail.google.com%2Fmail%2F&service=mail&sacu=1&rip=1&flowName=GlifWebSignIn&flowEntry=ServiceLogin' successfully

2018-09-05 16:01:01 - [TEST_STEP][PASSED] - setText: Text 'adresat.test@gmail.com' is set on object 'Object Repository/Respond to email/Page_Gmail/input_identifier'

2018-09-05 16:01:02 - [MESSAGE][PASSED] - Text 'adresat.test@gmail.com' is set on object 'Object Repository/Respond to email/Page_Gmail/input_identifier'

2018-09-05 16:01:02 - [TEST_STEP][PASSED] - click: Object: 'Object Repository/Respond to email/Page_Gmail/span_' is clicked on

2018-09-05 16:01:02 - [MESSAGE][PASSED] - Object: 'Object Repository/Respond to email/Page_Gmail/span_' is clicked on

2018-09-05 16:01:02 - [TEST_STEP][PASSED] - waitForElementClickable: Object 'Object Repository/Respond to email/Password/input_password' is clickable

2018-09-05 16:01:02 - [MESSAGE][PASSED] - Object 'Object Repository/Respond to email/Password/input_password' is clickable

2018-09-05 16:01:02 - [TEST_STEP][PASSED] - mouseOver: Object: 'Object Repository/Respond to email/Password/input_password' is hovered

2018-09-05 16:01:02 - [MESSAGE][PASSED] - Object: 'Object Repository/Respond to email/Password/input_password' is hovered

2018-09-05 16:01:02 - [TEST_STEP][PASSED] - setText: Text 'adresat2018' is set on object 'Object Repository/Respond to email/Password/input_password'

2018-09-05 16:01:03 - [MESSAGE][PASSED] - Text 'adresat2018' is set on object 'Object Repository/Respond to email/Password/input_password'

2018-09-05 16:01:03 - [TEST_STEP][PASSED] - sendKeys: Keys 'ENTER + ' sent to object: 'Object Repository/Respond to email/Password/input_password'

2018-09-05 16:01:03 - [MESSAGE][PASSED] - Keys 'ENTER + ' sent to object: 'Object Repository/Respond to email/Password/input_password'

2018-09-05 16:01:03 - [TEST_STEP][PASSED] - waitForPageLoad: Wait for page load successfully

2018-09-05 16:01:03 - [MESSAGE][PASSED] - Wait for page load successfully

2018-09-05 16:01:03 - [TEST_STEP][PASSED] - click: Object: 'Object Repository/Respond to email/Page_messages/open message' is clicked on

2018-09-05 16:01:07 - [MESSAGE][PASSED] - Object: 'Object Repository/Respond to email/Page_messages/open message' is clicked on

2018-09-05 16:01:07 - [TEST_STEP][PASSED] - click: Object: 'Object Repository/Respond to email/Page_incoming_messsage/response field' is clicked on

2018-09-05 16:01:08 - [MESSAGE][PASSED] - Object: 'Object Repository/Respond to email/Page_incoming_messsage/response field' is clicked on

2018-09-05 16:01:08 - [TEST_STEP][PASSED] - setText: Text 'random text' is set on object 'Object Repository/Respond to email/Page_incoming_messsage/response field opened'

2018-09-05 16:01:09 - [MESSAGE][PASSED] - Text 'random text' is set on object 'Object Repository/Respond to email/Page_incoming_messsage/response field opened'

2018-09-05 16:01:09 - [TEST_STEP][PASSED] - click: Object: 'Object Repository/Respond to email/Page_incoming_messsage/respond button' is clicked on

2018-09-05 16:01:10 - [MESSAGE][PASSED] - Object: 'Object Repository/Respond to email/Page_incoming_messsage/respond button' is clicked on]]></system-out>
         <system-err><![CDATA[]]></system-err>
      </testcase>
      <system-out><![CDATA[2018-09-05 16:00:34 - [TEST_SUITE][PASSED] - Gmail testing: Test Cases/Respond to email]]></system-out>
      <system-err><![CDATA[]]></system-err>
   </testsuite>
</testsuites>
