<?xml version="1.0" encoding="UTF-8"?>
<testsuites name="Gmail testing_" time="37" tests="0" failures="1" errors="0">
   <testsuite name="Gmail testing_" tests="0" failures="1" errors="0" time="37" timestamp="2018-09-05 15:58:24" hostname="Andrey - DESKTOP-QBDEEEG" id="Test Suites/Gmail testing_">
      <properties>
         <property name="deviceName" value=""/>
         <property name="devicePlatform" value=""/>
         <property name="logFolder" value="C:\\Users\\Andrey\\git\\KatalonStudioProject1\\Reports\\Gmail testing_\\20180905_155741"/>
         <property name="logFiles" value="C:\\Users\\Andrey\\git\\KatalonStudioProject1\\Reports\\Gmail testing_\\20180905_155741\\execution0.log"/>
         <property name="attachments" value=""/>
         <property name="hostName" value="Andrey - DESKTOP-QBDEEEG"/>
         <property name="os" value="Windows 10 64bit"/>
         <property name="katalonVersion" value="5.6.3.1"/>
         <property name="browser" value="Firefox 61.0"/>
         <property name="hostAddress" value="192.168.1.42"/>
         <property name="sessionId" value="2086db3e-51cc-429f-a67d-2462d95961ea"/>
         <property name="seleniumVersion" value="3.7.1"/>
         <property name="proxyInformation" value="ProxyInformation{proxyOption=NO_PROXY, proxyServerType=HTTP, password=, proxyServerAddress=, proxyServerPort=0}"/>
         <property name="platform" value="Windows 10"/>
      </properties>
      <testcase name="Test Cases/Open message" classname="Test Cases/Open message" status="FAILED">
         <failure type="FAILED" message="Unable to click on object 'Object Repository/Open messsage/Page_messages/open message' (Root cause: org.openqa.selenium.WebDriverException: Failed to decode response from marionette
Build info: version: '3.7.1', revision: '8a0099a', time: '2017-11-06T21:07:36.161Z'
System info: host: 'DESKTOP-QBDEEEG', ip: '192.168.1.42', os.name: 'Windows 10', os.arch: 'amd64', os.version: '10.0', java.version: '1.8.0_181'
Driver info: com.kms.katalon.core.webui.driver.firefox.CGeckoDriver
Capabilities {acceptInsecureCerts: true, browserName: firefox, browserVersion: 61.0.2, javascriptEnabled: true, moz:accessibilityChecks: false, moz:headless: false, moz:processID: 17380, moz:profile: C:\Users\Andrey\AppData\Loc..., moz:useNonSpecCompliantPointerOrigin: false, moz:webdriverClick: true, pageLoadStrategy: normal, platform: XP, platformName: XP, platformVersion: 10.0, proxy: Proxy(direct), rotatable: false, timeouts: {implicit: 0, pageLoad: 300000, script: 30000}}
Session ID: 2086db3e-51cc-429f-a67d-2462d95961ea
*** Element info: {Using=xpath, value=//td[@class = 'xY a4W']})"/>
         <system-out><![CDATA[2018-09-05 15:58:24 - [TEST_CASE][FAILED] - Test Cases/Open message: Test Cases/Open message FAILED because (of) Unable to click on object 'Object Repository/Open messsage/Page_messages/open message' (Root cause: org.openqa.selenium.WebDriverException: Failed to decode response from marionette
Build info: version: '3.7.1', revision: '8a0099a', time: '2017-11-06T21:07:36.161Z'
System info: host: 'DESKTOP-QBDEEEG', ip: '192.168.1.42', os.name: 'Windows 10', os.arch: 'amd64', os.version: '10.0', java.version: '1.8.0_181'
Driver info: com.kms.katalon.core.webui.driver.firefox.CGeckoDriver
Capabilities {acceptInsecureCerts: true, browserName: firefox, browserVersion: 61.0.2, javascriptEnabled: true, moz:accessibilityChecks: false, moz:headless: false, moz:processID: 17380, moz:profile: C:\Users\Andrey\AppData\Loc..., moz:useNonSpecCompliantPointerOrigin: false, moz:webdriverClick: true, pageLoadStrategy: normal, platform: XP, platformName: XP, platformVersion: 10.0, proxy: Proxy(direct), rotatable: false, timeouts: {implicit: 0, pageLoad: 300000, script: 30000}}
Session ID: 2086db3e-51cc-429f-a67d-2462d95961ea
*** Element info: {Using=xpath, value=//td[@class = 'xY a4W']})

2018-09-05 15:58:24 - [TEST_STEP][PASSED] - openBrowser: Browser is opened with url: ''

2018-09-05 15:58:31 - [MESSAGE][PASSED] - Browser is opened with url: ''

2018-09-05 15:58:31 - [TEST_STEP][PASSED] - navigateToUrl: Navigate to 'https://accounts.google.com/signin/v2/identifier?continue=https%3A%2F%2Fmail.google.com%2Fmail%2F&service=mail&sacu=1&rip=1&flowName=GlifWebSignIn&flowEntry=ServiceLogin' successfully

2018-09-05 15:58:33 - [MESSAGE][PASSED] - Navigate to 'https://accounts.google.com/signin/v2/identifier?continue=https%3A%2F%2Fmail.google.com%2Fmail%2F&service=mail&sacu=1&rip=1&flowName=GlifWebSignIn&flowEntry=ServiceLogin' successfully

2018-09-05 15:58:33 - [TEST_STEP][PASSED] - setText: Text 'adresant.test@gmail.com' is set on object 'Object Repository/Open messsage/Page_Gmail/input_identifier'

2018-09-05 15:58:33 - [MESSAGE][PASSED] - Text 'adresant.test@gmail.com' is set on object 'Object Repository/Open messsage/Page_Gmail/input_identifier'

2018-09-05 15:58:33 - [TEST_STEP][PASSED] - click: Object: 'Object Repository/Open messsage/Page_Gmail/span_' is clicked on

2018-09-05 15:58:34 - [MESSAGE][PASSED] - Object: 'Object Repository/Open messsage/Page_Gmail/span_' is clicked on

2018-09-05 15:58:34 - [TEST_STEP][PASSED] - waitForElementClickable: Object 'Object Repository/Respond to email/Password/input_password' is clickable

2018-09-05 15:58:34 - [MESSAGE][PASSED] - Object 'Object Repository/Respond to email/Password/input_password' is clickable

2018-09-05 15:58:34 - [TEST_STEP][PASSED] - mouseOver: Object: 'Object Repository/Open messsage/Password/input_password' is hovered

2018-09-05 15:58:34 - [MESSAGE][PASSED] - Object: 'Object Repository/Open messsage/Password/input_password' is hovered

2018-09-05 15:58:34 - [TEST_STEP][PASSED] - setText: Text 'adresant2018' is set on object 'Object Repository/Open messsage/Password/input_password'

2018-09-05 15:58:34 - [MESSAGE][PASSED] - Text 'adresant2018' is set on object 'Object Repository/Open messsage/Password/input_password'

2018-09-05 15:58:34 - [TEST_STEP][PASSED] - sendKeys: Keys 'ENTER + ' sent to object: 'Object Repository/Open messsage/Password/input_password'

2018-09-05 15:58:35 - [MESSAGE][PASSED] - Keys 'ENTER + ' sent to object: 'Object Repository/Open messsage/Password/input_password'

2018-09-05 15:58:35 - [TEST_STEP][PASSED] - waitForPageLoad: Wait for page load successfully

2018-09-05 15:58:35 - [MESSAGE][PASSED] - Wait for page load successfully

2018-09-05 15:58:35 - [TEST_STEP][FAILED] - click: Unable to click on object 'Object Repository/Open messsage/Page_messages/open message' (Root cause: org.openqa.selenium.WebDriverException: Failed to decode response from marionette
Build info: version: '3.7.1', revision: '8a0099a', time: '2017-11-06T21:07:36.161Z'
System info: host: 'DESKTOP-QBDEEEG', ip: '192.168.1.42', os.name: 'Windows 10', os.arch: 'amd64', os.version: '10.0', java.version: '1.8.0_181'
Driver info: com.kms.katalon.core.webui.driver.firefox.CGeckoDriver
Capabilities {acceptInsecureCerts: true, browserName: firefox, browserVersion: 61.0.2, javascriptEnabled: true, moz:accessibilityChecks: false, moz:headless: false, moz:processID: 17380, moz:profile: C:\Users\Andrey\AppData\Loc..., moz:useNonSpecCompliantPointerOrigin: false, moz:webdriverClick: true, pageLoadStrategy: normal, platform: XP, platformName: XP, platformVersion: 10.0, proxy: Proxy(direct), rotatable: false, timeouts: {implicit: 0, pageLoad: 300000, script: 30000}}
Session ID: 2086db3e-51cc-429f-a67d-2462d95961ea
*** Element info: {Using=xpath, value=//td[@class = 'xY a4W']})

2018-09-05 15:59:01 - [MESSAGE][WARNING] - Cannot take screenshot

2018-09-05 15:59:01 - [MESSAGE][FAILED] - Unable to click on object 'Object Repository/Open messsage/Page_messages/open message' (Root cause: org.openqa.selenium.WebDriverException: Failed to decode response from marionette
Build info: version: '3.7.1', revision: '8a0099a', time: '2017-11-06T21:07:36.161Z'
System info: host: 'DESKTOP-QBDEEEG', ip: '192.168.1.42', os.name: 'Windows 10', os.arch: 'amd64', os.version: '10.0', java.version: '1.8.0_181'
Driver info: com.kms.katalon.core.webui.driver.firefox.CGeckoDriver
Capabilities {acceptInsecureCerts: true, browserName: firefox, browserVersion: 61.0.2, javascriptEnabled: true, moz:accessibilityChecks: false, moz:headless: false, moz:processID: 17380, moz:profile: C:\Users\Andrey\AppData\Loc..., moz:useNonSpecCompliantPointerOrigin: false, moz:webdriverClick: true, pageLoadStrategy: normal, platform: XP, platformName: XP, platformVersion: 10.0, proxy: Proxy(direct), rotatable: false, timeouts: {implicit: 0, pageLoad: 300000, script: 30000}}
Session ID: 2086db3e-51cc-429f-a67d-2462d95961ea
*** Element info: {Using=xpath, value=//td[@class = 'xY a4W']})]]></system-out>
         <system-err><![CDATA[2018-09-05 15:58:24 - [TEST_CASE][FAILED] - Test Cases/Open message: Test Cases/Open message FAILED because (of) Unable to click on object 'Object Repository/Open messsage/Page_messages/open message' (Root cause: org.openqa.selenium.WebDriverException: Failed to decode response from marionette
Build info: version: '3.7.1', revision: '8a0099a', time: '2017-11-06T21:07:36.161Z'
System info: host: 'DESKTOP-QBDEEEG', ip: '192.168.1.42', os.name: 'Windows 10', os.arch: 'amd64', os.version: '10.0', java.version: '1.8.0_181'
Driver info: com.kms.katalon.core.webui.driver.firefox.CGeckoDriver
Capabilities {acceptInsecureCerts: true, browserName: firefox, browserVersion: 61.0.2, javascriptEnabled: true, moz:accessibilityChecks: false, moz:headless: false, moz:processID: 17380, moz:profile: C:\Users\Andrey\AppData\Loc..., moz:useNonSpecCompliantPointerOrigin: false, moz:webdriverClick: true, pageLoadStrategy: normal, platform: XP, platformName: XP, platformVersion: 10.0, proxy: Proxy(direct), rotatable: false, timeouts: {implicit: 0, pageLoad: 300000, script: 30000}}
Session ID: 2086db3e-51cc-429f-a67d-2462d95961ea
*** Element info: {Using=xpath, value=//td[@class = 'xY a4W']})]]></system-err>
      </testcase>
      <system-out><![CDATA[2018-09-05 15:58:24 - [TEST_SUITE][INCOMPLETE] - Gmail testing_: null]]></system-out>
      <system-err><![CDATA[2018-09-05 15:58:24 - [TEST_SUITE][INCOMPLETE] - Gmail testing_: null]]></system-err>
   </testsuite>
</testsuites>
