<?xml version="1.0" encoding="UTF-8"?>
<testsuites name="Gmail testing" time="34" tests="1" failures="1" errors="0">
   <testsuite name="Gmail testing" tests="1" failures="1" errors="0" time="34" timestamp="2018-09-05 15:59:31" hostname="Andrey - DESKTOP-QBDEEEG" id="Test Suites/Gmail testing">
      <properties>
         <property name="deviceName" value=""/>
         <property name="devicePlatform" value=""/>
         <property name="logFolder" value="C:\\Users\\Andrey\\git\\KatalonStudioProject1\\Reports\\Gmail testing\\20180905_155927"/>
         <property name="logFiles" value="C:\\Users\\Andrey\\git\\KatalonStudioProject1\\Reports\\Gmail testing\\20180905_155927\\execution0.log"/>
         <property name="attachments" value="C:\\Users\\Andrey\\git\\KatalonStudioProject1\\Reports\\Gmail testing\\20180905_155927\\1536152388184.png"/>
         <property name="hostName" value="Andrey - DESKTOP-QBDEEEG"/>
         <property name="os" value="Windows 10 64bit"/>
         <property name="katalonVersion" value="5.6.3.1"/>
         <property name="browser" value="Firefox 61.0"/>
         <property name="hostAddress" value="192.168.1.42"/>
         <property name="sessionId" value="7eb5ad33-76ab-4fa9-84d1-76cf4916162d"/>
         <property name="seleniumVersion" value="3.7.1"/>
         <property name="proxyInformation" value="ProxyInformation{proxyOption=NO_PROXY, proxyServerType=HTTP, password=, proxyServerAddress=, proxyServerPort=0}"/>
         <property name="platform" value="Windows 10"/>
      </properties>
      <testcase name="Test Cases/Send email" classname="Test Cases/Send email" status="FAILED">
         <failure type="FAILED" message="Unable to set text 'adresat.test@gmail.com' of object 'Object Repository/send email/Page_ - adresant.testgmail.com - Gm/textarea_to' (Root cause: org.openqa.selenium.ElementNotInteractableException: Element &lt;textarea id=&quot;:7h&quot; class=&quot;vO&quot; name=&quot;to&quot;> could not be scrolled into view
Build info: version: '3.7.1', revision: '8a0099a', time: '2017-11-06T21:07:36.161Z'
System info: host: 'DESKTOP-QBDEEEG', ip: '192.168.1.42', os.name: 'Windows 10', os.arch: 'amd64', os.version: '10.0', java.version: '1.8.0_181'
Driver info: com.kms.katalon.core.webui.driver.firefox.CGeckoDriver
Capabilities {acceptInsecureCerts: true, browserName: firefox, browserVersion: 61.0.2, javascriptEnabled: true, moz:accessibilityChecks: false, moz:headless: false, moz:processID: 17344, moz:profile: C:\Users\Andrey\AppData\Loc..., moz:useNonSpecCompliantPointerOrigin: false, moz:webdriverClick: true, pageLoadStrategy: normal, platform: XP, platformName: XP, platformVersion: 10.0, proxy: Proxy(direct), rotatable: false, timeouts: {implicit: 0, pageLoad: 300000, script: 30000}}
Session ID: fc602f41-68e9-4671-a80b-0976d5715cf1)"/>
         <system-out><![CDATA[2018-09-05 15:59:31 - [TEST_CASE][FAILED] - Test Cases/Send email: Test Cases/Send email FAILED because (of) Unable to set text 'adresat.test@gmail.com' of object 'Object Repository/send email/Page_ - adresant.testgmail.com - Gm/textarea_to' (Root cause: org.openqa.selenium.ElementNotInteractableException: Element <textarea id=":7h" class="vO" name="to"> could not be scrolled into view
Build info: version: '3.7.1', revision: '8a0099a', time: '2017-11-06T21:07:36.161Z'
System info: host: 'DESKTOP-QBDEEEG', ip: '192.168.1.42', os.name: 'Windows 10', os.arch: 'amd64', os.version: '10.0', java.version: '1.8.0_181'
Driver info: com.kms.katalon.core.webui.driver.firefox.CGeckoDriver
Capabilities {acceptInsecureCerts: true, browserName: firefox, browserVersion: 61.0.2, javascriptEnabled: true, moz:accessibilityChecks: false, moz:headless: false, moz:processID: 17344, moz:profile: C:\Users\Andrey\AppData\Loc..., moz:useNonSpecCompliantPointerOrigin: false, moz:webdriverClick: true, pageLoadStrategy: normal, platform: XP, platformName: XP, platformVersion: 10.0, proxy: Proxy(direct), rotatable: false, timeouts: {implicit: 0, pageLoad: 300000, script: 30000}}
Session ID: fc602f41-68e9-4671-a80b-0976d5715cf1)

2018-09-05 15:59:32 - [TEST_STEP][PASSED] - openBrowser: Browser is opened with url: ''

2018-09-05 15:59:38 - [MESSAGE][PASSED] - Browser is opened with url: ''

2018-09-05 15:59:38 - [TEST_STEP][PASSED] - navigateToUrl: Navigate to 'https://accounts.google.com/signin/v2/identifier?continue=https%3A%2F%2Fmail.google.com%2Fmail%2F&service=mail&sacu=1&rip=1&flowName=GlifWebSignIn&flowEntry=ServiceLogin' successfully

2018-09-05 15:59:40 - [MESSAGE][PASSED] - Navigate to 'https://accounts.google.com/signin/v2/identifier?continue=https%3A%2F%2Fmail.google.com%2Fmail%2F&service=mail&sacu=1&rip=1&flowName=GlifWebSignIn&flowEntry=ServiceLogin' successfully

2018-09-05 15:59:40 - [TEST_STEP][PASSED] - setText: Text 'adresant.test@gmail.com' is set on object 'Object Repository/send email/Page_Gmail/input_identifier'

2018-09-05 15:59:41 - [MESSAGE][PASSED] - Text 'adresant.test@gmail.com' is set on object 'Object Repository/send email/Page_Gmail/input_identifier'

2018-09-05 15:59:41 - [TEST_STEP][PASSED] - click: Object: 'Object Repository/send email/Page_Gmail/span_' is clicked on

2018-09-05 15:59:41 - [MESSAGE][PASSED] - Object: 'Object Repository/send email/Page_Gmail/span_' is clicked on

2018-09-05 15:59:41 - [TEST_STEP][PASSED] - waitForElementClickable: Object 'Object Repository/send email/Password/input_password' is clickable

2018-09-05 15:59:42 - [MESSAGE][PASSED] - Object 'Object Repository/send email/Password/input_password' is clickable

2018-09-05 15:59:42 - [TEST_STEP][PASSED] - mouseOver: Object: 'Object Repository/send email/Password/input_password' is hovered

2018-09-05 15:59:42 - [MESSAGE][PASSED] - Object: 'Object Repository/send email/Password/input_password' is hovered

2018-09-05 15:59:42 - [TEST_STEP][PASSED] - setText: Text 'adresant2018' is set on object 'Object Repository/send email/Password/input_password'

2018-09-05 15:59:43 - [MESSAGE][PASSED] - Text 'adresant2018' is set on object 'Object Repository/send email/Password/input_password'

2018-09-05 15:59:43 - [TEST_STEP][PASSED] - sendKeys: Keys 'ENTER + ' sent to object: 'Object Repository/send email/Password/input_password'

2018-09-05 15:59:43 - [MESSAGE][PASSED] - Keys 'ENTER + ' sent to object: 'Object Repository/send email/Password/input_password'

2018-09-05 15:59:43 - [TEST_STEP][PASSED] - waitForPageLoad: Wait for page load successfully

2018-09-05 15:59:43 - [MESSAGE][PASSED] - Wait for page load successfully

2018-09-05 15:59:43 - [TEST_STEP][PASSED] - click: Object: 'Object Repository/send email/Page_ - adresant.testgmail.com - Gm/div_' is clicked on

2018-09-05 15:59:46 - [MESSAGE][PASSED] - Object: 'Object Repository/send email/Page_ - adresant.testgmail.com - Gm/div_' is clicked on

2018-09-05 15:59:46 - [TEST_STEP][PASSED] - waitForElementClickable: Object 'Object Repository/send email/Page_ - adresant.testgmail.com - Gm/textarea_to' is clickable

2018-09-05 15:59:48 - [MESSAGE][PASSED] - Object 'Object Repository/send email/Page_ - adresant.testgmail.com - Gm/textarea_to' is clickable

2018-09-05 15:59:48 - [TEST_STEP][FAILED] - setText: Unable to set text 'adresat.test@gmail.com' of object 'Object Repository/send email/Page_ - adresant.testgmail.com - Gm/textarea_to' (Root cause: org.openqa.selenium.ElementNotInteractableException: Element <textarea id=":7h" class="vO" name="to"> could not be scrolled into view
Build info: version: '3.7.1', revision: '8a0099a', time: '2017-11-06T21:07:36.161Z'
System info: host: 'DESKTOP-QBDEEEG', ip: '192.168.1.42', os.name: 'Windows 10', os.arch: 'amd64', os.version: '10.0', java.version: '1.8.0_181'
Driver info: com.kms.katalon.core.webui.driver.firefox.CGeckoDriver
Capabilities {acceptInsecureCerts: true, browserName: firefox, browserVersion: 61.0.2, javascriptEnabled: true, moz:accessibilityChecks: false, moz:headless: false, moz:processID: 17344, moz:profile: C:\Users\Andrey\AppData\Loc..., moz:useNonSpecCompliantPointerOrigin: false, moz:webdriverClick: true, pageLoadStrategy: normal, platform: XP, platformName: XP, platformVersion: 10.0, proxy: Proxy(direct), rotatable: false, timeouts: {implicit: 0, pageLoad: 300000, script: 30000}}
Session ID: fc602f41-68e9-4671-a80b-0976d5715cf1)

2018-09-05 15:59:48 - [MESSAGE][FAILED] - Unable to set text 'adresat.test@gmail.com' of object 'Object Repository/send email/Page_ - adresant.testgmail.com - Gm/textarea_to' (Root cause: org.openqa.selenium.ElementNotInteractableException: Element <textarea id=":7h" class="vO" name="to"> could not be scrolled into view
Build info: version: '3.7.1', revision: '8a0099a', time: '2017-11-06T21:07:36.161Z'
System info: host: 'DESKTOP-QBDEEEG', ip: '192.168.1.42', os.name: 'Windows 10', os.arch: 'amd64', os.version: '10.0', java.version: '1.8.0_181'
Driver info: com.kms.katalon.core.webui.driver.firefox.CGeckoDriver
Capabilities {acceptInsecureCerts: true, browserName: firefox, browserVersion: 61.0.2, javascriptEnabled: true, moz:accessibilityChecks: false, moz:headless: false, moz:processID: 17344, moz:profile: C:\Users\Andrey\AppData\Loc..., moz:useNonSpecCompliantPointerOrigin: false, moz:webdriverClick: true, pageLoadStrategy: normal, platform: XP, platformName: XP, platformVersion: 10.0, proxy: Proxy(direct), rotatable: false, timeouts: {implicit: 0, pageLoad: 300000, script: 30000}}
Session ID: fc602f41-68e9-4671-a80b-0976d5715cf1)
[[ATTACHMENT|C:\\Users\\Andrey\\git\\KatalonStudioProject1\\Reports\\Gmail testing\\20180905_155927\\1536152388184.png]]]]></system-out>
         <system-err><![CDATA[2018-09-05 15:59:31 - [TEST_CASE][FAILED] - Test Cases/Send email: Test Cases/Send email FAILED because (of) Unable to set text 'adresat.test@gmail.com' of object 'Object Repository/send email/Page_ - adresant.testgmail.com - Gm/textarea_to' (Root cause: org.openqa.selenium.ElementNotInteractableException: Element <textarea id=":7h" class="vO" name="to"> could not be scrolled into view
Build info: version: '3.7.1', revision: '8a0099a', time: '2017-11-06T21:07:36.161Z'
System info: host: 'DESKTOP-QBDEEEG', ip: '192.168.1.42', os.name: 'Windows 10', os.arch: 'amd64', os.version: '10.0', java.version: '1.8.0_181'
Driver info: com.kms.katalon.core.webui.driver.firefox.CGeckoDriver
Capabilities {acceptInsecureCerts: true, browserName: firefox, browserVersion: 61.0.2, javascriptEnabled: true, moz:accessibilityChecks: false, moz:headless: false, moz:processID: 17344, moz:profile: C:\Users\Andrey\AppData\Loc..., moz:useNonSpecCompliantPointerOrigin: false, moz:webdriverClick: true, pageLoadStrategy: normal, platform: XP, platformName: XP, platformVersion: 10.0, proxy: Proxy(direct), rotatable: false, timeouts: {implicit: 0, pageLoad: 300000, script: 30000}}
Session ID: fc602f41-68e9-4671-a80b-0976d5715cf1)]]></system-err>
      </testcase>
      <testcase name="Test Cases/Respond to email" classname="Test Cases/Respond to email" status="PASSED">
         <system-out><![CDATA[2018-09-05 15:59:48 - [TEST_CASE][PASSED] - Test Cases/Respond to email: Test Cases/Respond to email

2018-09-05 15:59:48 - [TEST_STEP][PASSED] - openBrowser: Browser is opened with url: ''

2018-09-05 15:59:48 - [MESSAGE][WARNING] - A browser is already opened. Closing browser and opening a new one

2018-09-05 15:59:54 - [MESSAGE][PASSED] - Browser is opened with url: ''

2018-09-05 15:59:54 - [TEST_STEP][PASSED] - navigateToUrl: Navigate to 'https://accounts.google.com/signin/v2/identifier?continue=https%3A%2F%2Fmail.google.com%2Fmail%2F&service=mail&sacu=1&rip=1&flowName=GlifWebSignIn&flowEntry=ServiceLogin' successfully

2018-09-05 15:59:56 - [MESSAGE][PASSED] - Navigate to 'https://accounts.google.com/signin/v2/identifier?continue=https%3A%2F%2Fmail.google.com%2Fmail%2F&service=mail&sacu=1&rip=1&flowName=GlifWebSignIn&flowEntry=ServiceLogin' successfully

2018-09-05 15:59:56 - [TEST_STEP][PASSED] - setText: Text 'adresat.test@gmail.com' is set on object 'Object Repository/Respond to email/Page_Gmail/input_identifier'

2018-09-05 15:59:56 - [MESSAGE][PASSED] - Text 'adresat.test@gmail.com' is set on object 'Object Repository/Respond to email/Page_Gmail/input_identifier'

2018-09-05 15:59:56 - [TEST_STEP][PASSED] - click: Object: 'Object Repository/Respond to email/Page_Gmail/span_' is clicked on

2018-09-05 15:59:57 - [MESSAGE][PASSED] - Object: 'Object Repository/Respond to email/Page_Gmail/span_' is clicked on

2018-09-05 15:59:57 - [TEST_STEP][PASSED] - waitForElementClickable: Object 'Object Repository/Respond to email/Password/input_password' is clickable

2018-09-05 15:59:57 - [MESSAGE][PASSED] - Object 'Object Repository/Respond to email/Password/input_password' is clickable

2018-09-05 15:59:57 - [TEST_STEP][PASSED] - mouseOver: Object: 'Object Repository/Respond to email/Password/input_password' is hovered

2018-09-05 15:59:57 - [MESSAGE][PASSED] - Object: 'Object Repository/Respond to email/Password/input_password' is hovered

2018-09-05 15:59:57 - [TEST_STEP][PASSED] - setText: Text 'adresat2018' is set on object 'Object Repository/Respond to email/Password/input_password'

2018-09-05 15:59:57 - [MESSAGE][PASSED] - Text 'adresat2018' is set on object 'Object Repository/Respond to email/Password/input_password'

2018-09-05 15:59:57 - [TEST_STEP][PASSED] - sendKeys: Keys 'ENTER + ' sent to object: 'Object Repository/Respond to email/Password/input_password'

2018-09-05 15:59:57 - [MESSAGE][PASSED] - Keys 'ENTER + ' sent to object: 'Object Repository/Respond to email/Password/input_password'

2018-09-05 15:59:57 - [TEST_STEP][PASSED] - waitForPageLoad: Wait for page load successfully

2018-09-05 15:59:57 - [MESSAGE][PASSED] - Wait for page load successfully

2018-09-05 15:59:57 - [TEST_STEP][PASSED] - click: Object: 'Object Repository/Respond to email/Page_messages/open message' is clicked on

2018-09-05 16:00:02 - [MESSAGE][PASSED] - Object: 'Object Repository/Respond to email/Page_messages/open message' is clicked on

2018-09-05 16:00:02 - [TEST_STEP][PASSED] - click: Object: 'Object Repository/Respond to email/Page_incoming_messsage/response field' is clicked on

2018-09-05 16:00:02 - [MESSAGE][PASSED] - Object: 'Object Repository/Respond to email/Page_incoming_messsage/response field' is clicked on

2018-09-05 16:00:02 - [TEST_STEP][PASSED] - setText: Text 'random text' is set on object 'Object Repository/Respond to email/Page_incoming_messsage/response field opened'

2018-09-05 16:00:04 - [MESSAGE][PASSED] - Text 'random text' is set on object 'Object Repository/Respond to email/Page_incoming_messsage/response field opened'

2018-09-05 16:00:04 - [TEST_STEP][PASSED] - click: Object: 'Object Repository/Respond to email/Page_incoming_messsage/respond button' is clicked on

2018-09-05 16:00:05 - [MESSAGE][PASSED] - Object: 'Object Repository/Respond to email/Page_incoming_messsage/respond button' is clicked on]]></system-out>
         <system-err><![CDATA[]]></system-err>
      </testcase>
      <system-out><![CDATA[2018-09-05 15:59:31 - [TEST_SUITE][FAILED] - Gmail testing: Test Cases/Send email FAILED because (of) Unable to set text 'adresat.test@gmail.com' of object 'Object Repository/send email/Page_ - adresant.testgmail.com - Gm/textarea_to' (Root cause: org.openqa.selenium.ElementNotInteractableException: Element <textarea id=":7h" class="vO" name="to"> could not be scrolled into view
Build info: version: '3.7.1', revision: '8a0099a', time: '2017-11-06T21:07:36.161Z'
System info: host: 'DESKTOP-QBDEEEG', ip: '192.168.1.42', os.name: 'Windows 10', os.arch: 'amd64', os.version: '10.0', java.version: '1.8.0_181'
Driver info: com.kms.katalon.core.webui.driver.firefox.CGeckoDriver
Capabilities {acceptInsecureCerts: true, browserName: firefox, browserVersion: 61.0.2, javascriptEnabled: true, moz:accessibilityChecks: false, moz:headless: false, moz:processID: 17344, moz:profile: C:\Users\Andrey\AppData\Loc..., moz:useNonSpecCompliantPointerOrigin: false, moz:webdriverClick: true, pageLoadStrategy: normal, platform: XP, platformName: XP, platformVersion: 10.0, proxy: Proxy(direct), rotatable: false, timeouts: {implicit: 0, pageLoad: 300000, script: 30000}}
Session ID: fc602f41-68e9-4671-a80b-0976d5715cf1)]]></system-out>
      <system-err><![CDATA[2018-09-05 15:59:31 - [TEST_SUITE][FAILED] - Gmail testing: Test Cases/Send email FAILED because (of) Unable to set text 'adresat.test@gmail.com' of object 'Object Repository/send email/Page_ - adresant.testgmail.com - Gm/textarea_to' (Root cause: org.openqa.selenium.ElementNotInteractableException: Element <textarea id=":7h" class="vO" name="to"> could not be scrolled into view
Build info: version: '3.7.1', revision: '8a0099a', time: '2017-11-06T21:07:36.161Z'
System info: host: 'DESKTOP-QBDEEEG', ip: '192.168.1.42', os.name: 'Windows 10', os.arch: 'amd64', os.version: '10.0', java.version: '1.8.0_181'
Driver info: com.kms.katalon.core.webui.driver.firefox.CGeckoDriver
Capabilities {acceptInsecureCerts: true, browserName: firefox, browserVersion: 61.0.2, javascriptEnabled: true, moz:accessibilityChecks: false, moz:headless: false, moz:processID: 17344, moz:profile: C:\Users\Andrey\AppData\Loc..., moz:useNonSpecCompliantPointerOrigin: false, moz:webdriverClick: true, pageLoadStrategy: normal, platform: XP, platformName: XP, platformVersion: 10.0, proxy: Proxy(direct), rotatable: false, timeouts: {implicit: 0, pageLoad: 300000, script: 30000}}
Session ID: fc602f41-68e9-4671-a80b-0976d5715cf1)]]></system-err>
   </testsuite>
</testsuites>
